<?xml version="1.0" encoding="UTF-8"?>
<!-- Generated by org.testng.reporters.JUnitReportReporter -->
<testsuite hostname="m-FR18070050JP" failures="0" tests="1" name="Test_POST" time="0.618" errors="0" timestamp="2021-12-03T23:52:16 JST" skipped="0">
  <testcase classname="Test_POST" name="test_4_post" time="0.618"/>
  <system-out/>
</testsuite> <!-- Test_POST -->
