<?xml version="1.0" encoding="UTF-8"?>
<!-- Generated by org.testng.reporters.JUnitReportReporter -->
<testsuite hostname="m-FR18070050JP" failures="0" tests="1" name="Test_GET" time="1.765" errors="0" timestamp="2021-12-02T22:32:53 JST" skipped="0">
  <testcase classname="Test_GET" name="test_01" time="1.765"/>
  <system-out/>
</testsuite> <!-- Test_GET -->
