<?xml version="1.0" encoding="UTF-8"?>
<!-- Generated by org.testng.reporters.JUnitReportReporter -->
<testsuite hostname="m-FR18070050JP" failures="0" tests="1" name="Test_DELETE" time="2.064" errors="0" timestamp="2021-12-03T12:59:14 JST" skipped="0">
  <testcase classname="Test_DELETE" name="test_1_delete" time="2.064"/>
  <system-out/>
</testsuite> <!-- Test_DELETE -->
