<?xml version="1.0" encoding="UTF-8"?>
<!-- Generated by org.testng.reporters.JUnitReportReporter -->
<testsuite hostname="m-FR18070050JP" failures="0" tests="1" name="datadriven.DataDrivenExamples" time="1.364" errors="0" timestamp="2021-12-03T13:28:02 JST" skipped="0">
  <testcase classname="datadriven.DataDrivenExamples" name="test_post_2" time="1.364"/>
  <system-out/>
</testsuite> <!-- datadriven.DataDrivenExamples -->
