<?xml version="1.0" encoding="UTF-8"?>
<!-- Generated by org.testng.reporters.JUnitReportReporter -->
<testsuite hostname="m-FR18070050JP" failures="0" tests="4" name="DataDrivenExamples" time="4.048" errors="0" timestamp="2021-12-03T12:55:18 JST" skipped="0">
  <testcase classname="DataDrivenExamples" name="test_delete" time="0.605"/>
  <system-out/>
  <testcase classname="DataDrivenExamples" name="test_delete" time="0.617"/>
  <system-out/>
  <testcase classname="DataDrivenExamples" name="test_delete" time="2.152"/>
  <system-out/>
  <testcase classname="DataDrivenExamples" name="test_delete" time="0.674"/>
  <system-out/>
</testsuite> <!-- DataDrivenExamples -->
